#
# There is insufficient memory for the Java Runtime Environment to continue.
# Native memory allocation (mmap) failed to map 54525952 bytes for Failed to commit area from 0x0000000711e00000 to 0x0000000715200000 of length 54525952.
# Possible reasons:
#   The system is out of physical RAM or swap space
#   The process is running with CompressedOops enabled, and the Java Heap may be blocking the growth of the native heap
# Possible solutions:
#   Reduce memory load on the system
#   Increase physical memory or swap space
#   Check if swap backing store is full
#   Decrease Java heap size (-Xmx/-Xms)
#   Decrease number of Java threads
#   Decrease Java thread stack sizes (-Xss)
#   Set larger code cache with -XX:ReservedCodeCacheSize=
#   JVM is running with Zero Based Compressed Oops mode in which the Java heap is
#     placed in the first 32GB address space. The Java Heap base address is the
#     maximum limit for the native heap growth. Please use -XX:HeapBaseMinAddress
#     to set the Java Heap base and to place the Java Heap above 32GB virtual address.
# This output file may be truncated or incomplete.
#
#  Out of Memory Error (c:/BuildAgent/work/5ff2f6c26000d570/src/hotspot/os/windows/os_windows.cpp:3281), pid=16964, tid=7312
#
# JRE version: OpenJDK Runtime Environment (11.0.4+10) (build 11.0.4+10-b304.77)
# Java VM: OpenJDK 64-Bit Server VM (11.0.4+10-b304.77, mixed mode, tiered, compressed oops, g1 gc, windows-amd64)
# No core dump will be written. Minidumps are not enabled by default on client versions of Windows
#

---------------  S U M M A R Y ------------

Command Line: -ea -Didea.test.cyclic.buffer.size=1048576 -javaagent:E:\ideaIU-2019.2.4.win\lib\idea_rt.jar=63247:E:\ideaIU-2019.2.4.win\bin -Dfile.encoding=UTF-8 com.intellij.rt.execution.junit.JUnitStarter -ideVersion5 -junit4 org.javaboy.vhr.mapper.EmployeeMapperTest,getEmployeeById

Host: Intel(R) Core(TM) i7-8750H CPU @ 2.20GHz, 12 cores, 15G,  Windows 10 , 64 bit Build 16299 (10.0.16299.431)
Time: Wed Jun 10 21:02:37 2020 ?D1¨²¡À¨º¡Á?¨º¡À?? elapsed time: 2 seconds (0d 0h 0m 2s)

---------------  T H R E A D  ---------------

Current thread (0x000001782f708800):  VMThread "VM Thread" [stack: 0x000000013ad00000,0x000000013ae00000] [id=7312]

Stack: [0x000000013ad00000,0x000000013ae00000]
[error occurred during error reporting (printing stack bounds), id 0xc0000005, EXCEPTION_ACCESS_VIOLATION (0xc0000005) at pc=0x0000017812cf0bad]

Native frames: (J=compiled Java code, j=interpreted, Vv=VM code, C=native code)
V  [jvm.dll+0x5db31a]
V  [jvm.dll+0x70c395]
V  [jvm.dll+0x70d8b8]
V  [jvm.dll+0x70dee5]
V  [jvm.dll+0x70de9b]
V  [jvm.dll+0x5daa98]
V  [jvm.dll+0x5daf08]
C  [ntdll.dll+0xa4ecd]
C  [ntdll.dll+0x26058]
C  [ntdll.dll+0xa3dfe]
C  0x0000017812cf0bad

VM_Operation (0x000000013a7fba70): CollectForMetadataAllocation, mode: safepoint, requested by thread 0x000001780ee09800


---------------  P R O C E S S  ---------------

Threads class SMR info:
_java_thread_list=0x0000017833ec9d80, length=13, elements={
0x000001780ee09800, 0x000001782f70b000, 0x000001782f70c000, 0x000001782f7a5000,
0x000001782f7a8000, 0x000001782f7ac000, 0x000001782f7b5000, 0x000001782f7b6000,
0x000001782f929800, 0x000001782fb95000, 0x000001782faa0800, 0x000001782fc94000,
0x0000017830671800
}

Java Threads: ( => current thread )
  0x000001780ee09800 JavaThread "main" [_thread_blocked, id=6732, stack(0x000000013a700000,0x000000013a800000)]
  0x000001782f70b000 JavaThread "Reference Handler" daemon [_thread_blocked, id=4600, stack(0x000000013ae00000,0x000000013af00000)]
  0x000001782f70c000 JavaThread "Finalizer" daemon [_thread_blocked, id=30276, stack(0x000000013af00000,0x000000013b000000)]
  0x000001782f7a5000 JavaThread "Signal Dispatcher" daemon [_thread_blocked, id=29104, stack(0x000000013b100000,0x000000013b200000)]
  0x000001782f7a8000 JavaThread "Attach Listener" daemon [_thread_blocked, id=22428, stack(0x000000013b200000,0x000000013b300000)]
  0x000001782f7ac000 JavaThread "C2 CompilerThread0" daemon [_thread_in_native, id=14636, stack(0x000000013b300000,0x000000013b400000)]
  0x000001782f7b5000 JavaThread "C1 CompilerThread0" daemon [_thread_blocked, id=25652, stack(0x000000013b400000,0x000000013b500000)]
  0x000001782f7b6000 JavaThread "Sweeper thread" daemon [_thread_blocked, id=13144, stack(0x000000013b500000,0x000000013b600000)]
  0x000001782f929800 JavaThread "Common-Cleaner" daemon [_thread_blocked, id=25764, stack(0x000000013b600000,0x000000013b700000)]
  0x000001782fb95000 JavaThread "Monitor Ctrl-Break" daemon [_thread_in_native, id=13092, stack(0x000000013b800000,0x000000013b900000)]
  0x000001782faa0800 JavaThread "Service Thread" daemon [_thread_blocked, id=23676, stack(0x000000013b900000,0x000000013ba00000)]
  0x000001782fc94000 JavaThread "C2 CompilerThread1" daemon [_thread_in_native, id=17448, stack(0x000000013c500000,0x000000013c600000)]
  0x0000017830671800 JavaThread "C2 CompilerThread2" daemon [_thread_blocked, id=10640, stack(0x000000013c700000,0x000000013c800000)]

Other Threads:
=>0x000001782f708800 VMThread "VM Thread" [stack: 0x000000013ad00000,0x000000013ae00000] [id=7312]
  0x000001782fc2a000 WatcherThread [stack: 0x000000013ba00000,0x000000013bb00000] [id=29520]
  0x000001780ee21800 GCTaskThread "GC Thread#0" [stack: 0x000000013a800000,0x000000013a900000] [id=17564]
  0x0000017830131800 GCTaskThread "GC Thread#1" [stack: 0x000000013bd00000,0x000000013be00000] [id=23420]
  0x00000178306ed800 GCTaskThread "GC Thread#2" [stack: 0x000000013be00000,0x000000013bf00000] [id=18788]
  0x00000178306ee000 GCTaskThread "GC Thread#3" [stack: 0x000000013bf00000,0x000000013c000000] [id=10096]
  0x0000017830570000 GCTaskThread "GC Thread#4" [stack: 0x000000013c000000,0x000000013c100000] [id=15444]
  0x0000017830570800 GCTaskThread "GC Thread#5" [stack: 0x000000013c100000,0x000000013c200000] [id=18476]
  0x000001780ee7e800 ConcurrentGCThread "G1 Main Marker" [stack: 0x000000013a900000,0x000000013aa00000] [id=19836]
  0x000001780ee80800 ConcurrentGCThread "G1 Conc#0" [stack: 0x000000013aa00000,0x000000013ab00000] [id=26224]
  0x0000017830a8b000 ConcurrentGCThread "G1 Conc#1" [stack: 0x000000013c800000,0x000000013c900000] [id=18652]
  0x0000017830a8c000 ConcurrentGCThread "G1 Conc#2" [stack: 0x000000013c900000,0x000000013ca00000] [id=13160]
  0x000001782ea30800 ConcurrentGCThread "G1 Refine#0" [stack: 0x000000013ab00000,0x000000013ac00000] [id=26704]
  0x000001782ea31800 ConcurrentGCThread "G1 Young RemSet Sampling" [stack: 0x000000013ac00000,0x000000013ad00000] [id=17572]

Threads with active compile tasks:
C2 CompilerThread02795       4       org.springframework.asm.ClassReader::readCode (5085 bytes)
C2 CompilerThread13009       4       java.lang.invoke.MethodType::makeImpl (108 bytes)

VM state:at safepoint (normal execution)

VM Mutex/Monitor currently owned by a thread:  ([mutex/lock_event])
[0x000001780ee08040] Threads_lock - owner thread: 0x000001782f708800
[0x000001780ee073e0] Heap_lock - owner thread: 0x000001780ee09800

Heap address: 0x0000000701e00000, size: 4066 MB, Compressed Oops mode: Zero based, Oop shift amount: 3
Narrow klass base: 0x0000000800000000, Narrow klass shift: 0
Compressed class space size: 1073741824 Address: 0x0000000800000000

Heap:
 garbage-first heap   total 315392K, used 15373K [0x0000000701e00000, 0x0000000800000000)
  region size 1024K, 8 young (8192K), 8 survivors (8192K)
 Metaspace       used 34806K, capacity 35577K, committed 35840K, reserved 1081344K
  class space    used 4054K, capacity 4325K, committed 4352K, reserved 1048576K
Heap Regions: E=young(eden), S=young(survivor), O=old, HS=humongous(starts), HC=humongous(continues), CS=collection set, F=free, A=archive, TAMS=top-at-mark-start (previous, next)
|   0|0x0000000701e00000, 0x0000000701f00000, 0x0000000701f00000|100%| O|  |TAMS 0x0000000701f00000, 0x0000000701f00000| Untracked 
|   1|0x0000000701f00000, 0x0000000702000000, 0x0000000702000000|100%| O|  |TAMS 0x0000000702000000, 0x0000000702000000| Untracked 
|   2|0x0000000702000000, 0x0000000702100000, 0x0000000702100000|100%| O|  |TAMS 0x0000000702100000, 0x0000000702100000| Untracked 
|   3|0x0000000702100000, 0x0000000702200000, 0x0000000702200000|100%| O|  |TAMS 0x0000000702200000, 0x0000000702200000| Untracked 
|   4|0x0000000702200000, 0x0000000702300000, 0x0000000702300000|100%| O|  |TAMS 0x000000070220a800, 0x0000000702300000| Untracked 
|   5|0x0000000702300000, 0x0000000702400000, 0x0000000702400000|100%| O|  |TAMS 0x0000000702300000, 0x0000000702400000| Untracked 
|   6|0x0000000702400000, 0x0000000702500000, 0x0000000702500000|100%| O|  |TAMS 0x0000000702400000, 0x0000000702500000| Untracked 
|   7|0x0000000702500000, 0x0000000702503600, 0x0000000702600000|  1%| O|  |TAMS 0x0000000702500000, 0x0000000702503600| Untracked 
|   8|0x0000000702600000, 0x0000000702600000, 0x0000000702700000|  0%| F|  |TAMS 0x0000000702600000, 0x0000000702600000| Untracked 
|   9|0x0000000702700000, 0x0000000702700000, 0x0000000702800000|  0%| F|  |TAMS 0x0000000702700000, 0x0000000702700000| Untracked 
|  10|0x0000000702800000, 0x0000000702800000, 0x0000000702900000|  0%| F|  |TAMS 0x0000000702800000, 0x0000000702800000| Untracked 
|  11|0x0000000702900000, 0x0000000702900000, 0x0000000702a00000|  0%| F|  |TAMS 0x0000000702900000, 0x0000000702900000| Untracked 
|  12|0x0000000702a00000, 0x0000000702a00000, 0x0000000702b00000|  0%| F|  |TAMS 0x0000000702a00000, 0x0000000702a00000| Untracked 
|  13|0x0000000702b00000, 0x0000000702b00000, 0x0000000702c00000|  0%| F|  |TAMS 0x0000000702b00000, 0x0000000702b00000| Untracked 
|  14|0x0000000702c00000, 0x0000000702c00000, 0x0000000702d00000|  0%| F|  |TAMS 0x0000000702c00000, 0x0000000702c00000| Untracked 
|  15|0x0000000702d00000, 0x0000000702d00000, 0x0000000702e00000|  0%| F|  |TAMS 0x0000000702d00000, 0x0000000702d00000| Untracked 
|  16|0x0000000702e00000, 0x0000000702e00000, 0x0000000702f00000|  0%| F|  |TAMS 0x0000000702e00000, 0x0000000702e00000| Untracked 
|  17|0x0000000702f00000, 0x0000000702f00000, 0x0000000703000000|  0%| F|  |TAMS 0x0000000702f00000, 0x0000000702f00000| Untracked 
|  18|0x0000000703000000, 0x0000000703000000, 0x0000000703100000|  0%| F|  |TAMS 0x0000000703000000, 0x0000000703000000| Untracked 
|  19|0x0000000703100000, 0x0000000703100000, 0x0000000703200000|  0%| F|  |TAMS 0x0000000703100000, 0x0000000703100000| Untracked 
|  20|0x0000000703200000, 0x0000000703200000, 0x0000000703300000|  0%| F|  |TAMS 0x0000000703200000, 0x0000000703200000| Untracked 
|  21|0x0000000703300000, 0x0000000703300000, 0x0000000703400000|  0%| F|  |TAMS 0x0000000703300000, 0x0000000703300000| Untracked 
|  22|0x0000000703400000, 0x0000000703400000, 0x0000000703500000|  0%| F|  |TAMS 0x0000000703400000, 0x0000000703400000| Untracked 
|  23|0x0000000703500000, 0x0000000703500000, 0x0000000703600000|  0%| F|  |TAMS 0x0000000703500000, 0x0000000703500000| Untracked 
|  24|0x0000000703600000, 0x0000000703600000, 0x0000000703700000|  0%| F|  |TAMS 0x0000000703600000, 0x0000000703600000| Untracked 
|  25|0x0000000703700000, 0x0000000703700000, 0x0000000703800000|  0%| F|  |TAMS 0x0000000703700000, 0x0000000703700000| Untracked 
|  26|0x0000000703800000, 0x0000000703800000, 0x0000000703900000|  0%| F|  |TAMS 0x0000000703800000, 0x0000000703800000| Untracked 
|  27|0x0000000703900000, 0x0000000703900000, 0x0000000703a00000|  0%| F|  |TAMS 0x0000000703900000, 0x0000000703900000| Untracked 
|  28|0x0000000703a00000, 0x0000000703a00000, 0x0000000703b00000|  0%| F|  |TAMS 0x0000000703a00000, 0x0000000703a00000| Untracked 
|  29|0x0000000703b00000, 0x0000000703b00000, 0x0000000703c00000|  0%| F|  |TAMS 0x0000000703b00000, 0x0000000703b00000| Untracked 
|  30|0x0000000703c00000, 0x0000000703c00000, 0x0000000703d00000|  0%| F|  |TAMS 0x0000000703c00000, 0x0000000703c00000| Untracked 
|  31|0x0000000703d00000, 0x0000000703d00000, 0x0000000703e00000|  0%| F|  |TAMS 0x0000000703d00000, 0x0000000703d00000| Untracked 
|  32|0x0000000703e00000, 0x0000000703e00000, 0x0000000703f00000|  0%| F|  |TAMS 0x0000000703e00000, 0x0000000703e00000| Untracked 
|  33|0x0000000703f00000, 0x0000000703f00000, 0x0000000704000000|  0%| F|  |TAMS 0x0000000703f00000, 0x0000000703f00000| Untracked 
|  34|0x0000000704000000, 0x0000000704000000, 0x0000000704100000|  0%| F|  |TAMS 0x0000000704000000, 0x0000000704000000| Untracked 
|  35|0x0000000704100000, 0x0000000704100000, 0x0000000704200000|  0%| F|  |TAMS 0x0000000704100000, 0x0000000704100000| Untracked 
|  36|0x0000000704200000, 0x0000000704200000, 0x0000000704300000|  0%| F|  |TAMS 0x0000000704200000, 0x0000000704200000| Untracked 
|  37|0x0000000704300000, 0x0000000704300000, 0x0000000704400000|  0%| F|  |TAMS 0x0000000704300000, 0x0000000704300000| Untracked 
|  38|0x0000000704400000, 0x0000000704400000, 0x0000000704500000|  0%| F|  |TAMS 0x0000000704400000, 0x0000000704400000| Untracked 
|  39|0x0000000704500000, 0x0000000704500000, 0x0000000704600000|  0%| F|  |TAMS 0x0000000704500000, 0x0000000704500000| Untracked 
|  40|0x0000000704600000, 0x0000000704600000, 0x0000000704700000|  0%| F|  |TAMS 0x0000000704600000, 0x0000000704600000| Untracked 
|  41|0x0000000704700000, 0x0000000704700000, 0x0000000704800000|  0%| F|  |TAMS 0x0000000704700000, 0x0000000704700000| Untracked 
|  42|0x0000000704800000, 0x0000000704800000, 0x0000000704900000|  0%| F|  |TAMS 0x0000000704800000, 0x0000000704800000| Untracked 
|  43|0x0000000704900000, 0x0000000704900000, 0x0000000704a00000|  0%| F|  |TAMS 0x0000000704900000, 0x0000000704900000| Untracked 
|  44|0x0000000704a00000, 0x0000000704a00000, 0x0000000704b00000|  0%| F|  |TAMS 0x0000000704a00000, 0x0000000704a00000| Untracked 
|  45|0x0000000704b00000, 0x0000000704b00000, 0x0000000704c00000|  0%| F|  |TAMS 0x0000000704b00000, 0x0000000704b00000| Untracked 
|  46|0x0000000704c00000, 0x0000000704c00000, 0x0000000704d00000|  0%| F|  |TAMS 0x0000000704c00000, 0x0000000704c00000| Untracked 
|  47|0x0000000704d00000, 0x0000000704d00000, 0x0000000704e00000|  0%| F|  |TAMS 0x0000000704d00000, 0x0000000704d00000| Untracked 
|  48|0x0000000704e00000, 0x0000000704e00000, 0x0000000704f00000|  0%| F|  |TAMS 0x0000000704e00000, 0x0000000704e00000| Untracked 
|  49|0x0000000704f00000, 0x0000000704f00000, 0x0000000705000000|  0%| F|  |TAMS 0x0000000704f00000, 0x0000000704f00000| Untracked 
|  50|0x0000000705000000, 0x0000000705000000, 0x0000000705100000|  0%| F|  |TAMS 0x0000000705000000, 0x0000000705000000| Untracked 
|  51|0x0000000705100000, 0x0000000705100000, 0x0000000705200000|  0%| F|  |TAMS 0x0000000705100000, 0x0000000705100000| Untracked 
|  52|0x0000000705200000, 0x0000000705200000, 0x0000000705300000|  0%| F|  |TAMS 0x0000000705200000, 0x0000000705200000| Untracked 
|  53|0x0000000705300000, 0x0000000705300000, 0x0000000705400000|  0%| F|  |TAMS 0x0000000705300000, 0x0000000705300000| Untracked 
|  54|0x0000000705400000, 0x0000000705400000, 0x0000000705500000|  0%| F|  |TAMS 0x0000000705400000, 0x0000000705400000| Untracked 
|  55|0x0000000705500000, 0x0000000705500000, 0x0000000705600000|  0%| F|  |TAMS 0x0000000705500000, 0x0000000705500000| Untracked 
|  56|0x0000000705600000, 0x0000000705600000, 0x0000000705700000|  0%| F|  |TAMS 0x0000000705600000, 0x0000000705600000| Untracked 
|  57|0x0000000705700000, 0x0000000705700000, 0x0000000705800000|  0%| F|  |TAMS 0x0000000705700000, 0x0000000705700000| Untracked 
|  58|0x0000000705800000, 0x0000000705800000, 0x0000000705900000|  0%| F|  |TAMS 0x0000000705800000, 0x0000000705800000| Untracked 
|  59|0x0000000705900000, 0x0000000705900000, 0x0000000705a00000|  0%| F|  |TAMS 0x0000000705900000, 0x0000000705900000| Untracked 
|  60|0x0000000705a00000, 0x0000000705a00000, 0x0000000705b00000|  0%| F|  |TAMS 0x0000000705a00000, 0x0000000705a00000| Untracked 
|  61|0x0000000705b00000, 0x0000000705b00000, 0x0000000705c00000|  0%| F|  |TAMS 0x0000000705b00000, 0x0000000705b00000| Untracked 
|  62|0x0000000705c00000, 0x0000000705c00000, 0x0000000705d00000|  0%| F|  |TAMS 0x0000000705c00000, 0x0000000705c00000| Untracked 
|  63|0x0000000705d00000, 0x0000000705d00000, 0x0000000705e00000|  0%| F|  |TAMS 0x0000000705d00000, 0x0000000705d00000| Untracked 
|  64|0x0000000705e00000, 0x0000000705e00000, 0x0000000705f00000|  0%| F|  |TAMS 0x0000000705e00000, 0x0000000705e00000| Untracked 
|  65|0x0000000705f00000, 0x0000000705f00000, 0x0000000706000000|  0%| F|  |TAMS 0x0000000705f00000, 0x0000000705f00000| Untracked 
|  66|0x0000000706000000, 0x0000000706000000, 0x0000000706100000|  0%| F|  |TAMS 0x0000000706000000, 0x0000000706000000| Untracked 
|  67|0x0000000706100000, 0x0000000706100000, 0x0000000706200000|  0%| F|  |TAMS 0x0000000706100000, 0x0000000706100000| Untracked 
|  68|0x0000000706200000, 0x0000000706200000, 0x0000000706300000|  0%| F|  |TAMS 0x0000000706200000, 0x0000000706200000| Untracked 
|  69|0x0000000706300000, 0x0000000706300000, 0x0000000706400000|  0%| F|  |TAMS 0x0000000706300000, 0x0000000706300000| Untracked 
|  70|0x0000000706400000, 0x0000000706400000, 0x0000000706500000|  0%| F|  |TAMS 0x0000000706400000, 0x0000000706400000| Untracked 
|  71|0x0000000706500000, 0x0000000706500000, 0x0000000706600000|  0%| F|  |TAMS 0x0000000706500000, 0x0000000706500000| Untracked 
|  72|0x0000000706600000, 0x0000000706600000, 0x0000000706700000|  0%| F|  |TAMS 0x0000000706600000, 0x0000000706600000| Untracked 
|  73|0x0000000706700000, 0x0000000706700000, 0x0000000706800000|  0%| F|  |TAMS 0x0000000706700000, 0x0000000706700000| Untracked 
|  74|0x0000000706800000, 0x0000000706800000, 0x0000000706900000|  0%| F|  |TAMS 0x0000000706800000, 0x0000000706800000| Untracked 
|  75|0x0000000706900000, 0x0000000706900000, 0x0000000706a00000|  0%| F|  |TAMS 0x0000000706900000, 0x0000000706900000| Untracked 
|  76|0x0000000706a00000, 0x0000000706a00000, 0x0000000706b00000|  0%| F|  |TAMS 0x0000000706a00000, 0x0000000706a00000| Untracked 
|  77|0x0000000706b00000, 0x0000000706b00000, 0x0000000706c00000|  0%| F|  |TAMS 0x0000000706b00000, 0x0000000706b00000| Untracked 
|  78|0x0000000706c00000, 0x0000000706c00000, 0x0000000706d00000|  0%| F|  |TAMS 0x0000000706c00000, 0x0000000706c00000| Untracked 
|  79|0x0000000706d00000, 0x0000000706d00000, 0x0000000706e00000|  0%| F|  |TAMS 0x0000000706d00000, 0x0000000706d00000| Untracked 
|  80|0x0000000706e00000, 0x0000000706e00000, 0x0000000706f00000|  0%| F|  |TAMS 0x0000000706e00000, 0x0000000706e00000| Untracked 
|  81|0x0000000706f00000, 0x0000000706f00000, 0x0000000707000000|  0%| F|  |TAMS 0x0000000706f00000, 0x0000000706f00000| Untracked 
|  82|0x0000000707000000, 0x0000000707000000, 0x0000000707100000|  0%| F|  |TAMS 0x0000000707000000, 0x0000000707000000| Untracked 
|  83|0x0000000707100000, 0x0000000707100000, 0x0000000707200000|  0%| F|  |TAMS 0x0000000707100000, 0x0000000707100000| Untracked 
|  84|0x0000000707200000, 0x0000000707200000, 0x0000000707300000|  0%| F|  |TAMS 0x0000000707200000, 0x0000000707200000| Untracked 
|  85|0x0000000707300000, 0x0000000707300000, 0x0000000707400000|  0%| F|  |TAMS 0x0000000707300000, 0x0000000707300000| Untracked 
|  86|0x0000000707400000, 0x0000000707400000, 0x0000000707500000|  0%| F|  |TAMS 0x0000000707400000, 0x0000000707400000| Untracked 
|  87|0x0000000707500000, 0x0000000707500000, 0x0000000707600000|  0%| F|  |TAMS 0x0000000707500000, 0x0000000707500000| Untracked 
|  88|0x0000000707600000, 0x0000000707600000, 0x0000000707700000|  0%| F|  |TAMS 0x0000000707600000, 0x0000000707600000| Untracked 
|  89|0x0000000707700000, 0x0000000707700000, 0x0000000707800000|  0%| F|  |TAMS 0x0000000707700000, 0x0000000707700000| Untracked 
|  90|0x0000000707800000, 0x0000000707800000, 0x0000000707900000|  0%| F|  |TAMS 0x0000000707800000, 0x0000000707800000| Untracked 
|  91|0x0000000707900000, 0x0000000707900000, 0x0000000707a00000|  0%| F|  |TAMS 0x0000000707900000, 0x0000000707900000| Untracked 
|  92|0x0000000707a00000, 0x0000000707a00000, 0x0000000707b00000|  0%| F|  |TAMS 0x0000000707a00000, 0x0000000707a00000| Untracked 
|  93|0x0000000707b00000, 0x0000000707b00000, 0x0000000707c00000|  0%| F|  |TAMS 0x0000000707b00000, 0x0000000707b00000| Untracked 
|  94|0x0000000707c00000, 0x0000000707c00000, 0x0000000707d00000|  0%| F|  |TAMS 0x0000000707c00000, 0x0000000707c00000| Untracked 
|  95|0x0000000707d00000, 0x0000000707d00000, 0x0000000707e00000|  0%| F|  |TAMS 0x0000000707d00000, 0x0000000707d00000| Untracked 
|  96|0x0000000707e00000, 0x0000000707e00000, 0x0000000707f00000|  0%| F|  |TAMS 0x0000000707e00000, 0x0000000707e00000| Untracked 
|  97|0x0000000707f00000, 0x0000000707f00000, 0x0000000708000000|  0%| F|  |TAMS 0x0000000707f00000, 0x0000000707f00000| Untracked 
|  98|0x0000000708000000, 0x0000000708000000, 0x0000000708100000|  0%| F|  |TAMS 0x0000000708000000, 0x0000000708000000| Untracked 
|  99|0x0000000708100000, 0x0000000708100000, 0x0000000708200000|  0%| F|  |TAMS 0x0000000708100000, 0x0000000708100000| Untracked 
| 100|0x0000000708200000, 0x0000000708200000, 0x0000000708300000|  0%| F|  |TAMS 0x0000000708200000, 0x0000000708200000| Untracked 
| 101|0x0000000708300000, 0x0000000708300000, 0x0000000708400000|  0%| F|  |TAMS 0x0000000708300000, 0x0000000708300000| Untracked 
| 102|0x0000000708400000, 0x0000000708400000, 0x0000000708500000|  0%| F|  |TAMS 0x0000000708400000, 0x0000000708400000| Untracked 
| 103|0x0000000708500000, 0x0000000708500000, 0x0000000708600000|  0%| F|  |TAMS 0x0000000708500000, 0x0000000708500000| Untracked 
| 104|0x0000000708600000, 0x0000000708600000, 0x0000000708700000|  0%| F|  |TAMS 0x0000000708600000, 0x0000000708600000| Untracked 
| 105|0x0000000708700000, 0x0000000708700000, 0x0000000708800000|  0%| F|  |TAMS 0x0000000708700000, 0x0000000708700000| Untracked 
| 106|0x0000000708800000, 0x0000000708800000, 0x0000000708900000|  0%| F|  |TAMS 0x0000000708800000, 0x0000000708800000| Untracked 
| 107|0x0000000708900000, 0x0000000708900000, 0x0000000708a00000|  0%| F|  |TAMS 0x0000000708900000, 0x0000000708900000| Untracked 
| 108|0x0000000708a00000, 0x0000000708a00000, 0x0000000708b00000|  0%| F|  |TAMS 0x0000000708a00000, 0x0000000708a00000| Untracked 
| 109|0x0000000708b00000, 0x0000000708b00000, 0x0000000708c00000|  0%| F|  |TAMS 0x0000000708b00000, 0x0000000708b00000| Untracked 
| 110|0x0000000708c00000, 0x0000000708c00000, 0x0000000708d00000|  0%| F|  |TAMS 0x0000000708c00000, 0x0000000708c00000| Untracked 
| 111|0x0000000708d00000, 0x0000000708d00000, 0x0000000708e00000|  0%| F|  |TAMS 0x0000000708d00000, 0x0000000708d00000| Untracked 
| 112|0x0000000708e00000, 0x0000000708e00000, 0x0000000708f00000|  0%| F|  |TAMS 0x0000000708e00000, 0x0000000708e00000| Untracked 
| 113|0x0000000708f00000, 0x0000000708f00000, 0x0000000709000000|  0%| F|  |TAMS 0x0000000708f00000, 0x0000000708f00000| Untracked 
| 114|0x0000000709000000, 0x0000000709000000, 0x0000000709100000|  0%| F|  |TAMS 0x0000000709000000, 0x0000000709000000| Untracked 
| 115|0x0000000709100000, 0x0000000709100000, 0x0000000709200000|  0%| F|  |TAMS 0x0000000709100000, 0x0000000709100000| Untracked 
| 116|0x0000000709200000, 0x0000000709200000, 0x0000000709300000|  0%| F|  |TAMS 0x0000000709200000, 0x0000000709200000| Untracked 
| 117|0x0000000709300000, 0x0000000709300000, 0x0000000709400000|  0%| F|  |TAMS 0x0000000709300000, 0x0000000709300000| Untracked 
| 118|0x0000000709400000, 0x0000000709400000, 0x0000000709500000|  0%| F|  |TAMS 0x0000000709400000, 0x0000000709400000| Untracked 
| 119|0x0000000709500000, 0x0000000709500000, 0x0000000709600000|  0%| F|  |TAMS 0x0000000709500000, 0x0000000709500000| Untracked 
| 120|0x0000000709600000, 0x0000000709600000, 0x0000000709700000|  0%| F|  |TAMS 0x0000000709600000, 0x0000000709600000| Untracked 
| 121|0x0000000709700000, 0x0000000709700000, 0x0000000709800000|  0%| F|  |TAMS 0x0000000709700000, 0x0000000709700000| Untracked 
| 122|0x0000000709800000, 0x0000000709800000, 0x0000000709900000|  0%| F|  |TAMS 0x0000000709800000, 0x0000000709800000| Untracked 
| 123|0x0000000709900000, 0x0000000709900000, 0x0000000709a00000|  0%| F|  |TAMS 0x0000000709900000, 0x0000000709900000| Untracked 
| 124|0x0000000709a00000, 0x0000000709a00000, 0x0000000709b00000|  0%| F|  |TAMS 0x0000000709a00000, 0x0000000709a00000| Untracked 
| 125|0x0000000709b00000, 0x0000000709b00000, 0x0000000709c00000|  0%| F|  |TAMS 0x0000000709b00000, 0x0000000709b00000| Untracked 
| 126|0x0000000709c00000, 0x0000000709c00000, 0x0000000709d00000|  0%| F|  |TAMS 0x0000000709c00000, 0x0000000709c00000| Untracked 
| 127|0x0000000709d00000, 0x0000000709d00000, 0x0000000709e00000|  0%| F|  |TAMS 0x0000000709d00000, 0x0000000709d00000| Untracked 
| 128|0x0000000709e00000, 0x0000000709e00000, 0x0000000709f00000|  0%| F|  |TAMS 0x0000000709e00000, 0x0000000709e00000| Untracked 
| 129|0x0000000709f00000, 0x0000000709f00000, 0x000000070a000000|  0%| F|  |TAMS 0x0000000709f00000, 0x0000000709f00000| Untracked 
| 130|0x000000070a000000, 0x000000070a000000, 0x000000070a100000|  0%| F|  |TAMS 0x000000070a000000, 0x000000070a000000| Untracked 
| 131|0x000000070a100000, 0x000000070a100000, 0x000000070a200000|  0%| F|  |TAMS 0x000000070a100000, 0x000000070a100000| Untracked 
| 132|0x000000070a200000, 0x000000070a200000, 0x000000070a300000|  0%| F|  |TAMS 0x000000070a200000, 0x000000070a200000| Untracked 
| 133|0x000000070a300000, 0x000000070a300000, 0x000000070a400000|  0%| F|  |TAMS 0x000000070a300000, 0x000000070a300000| Untracked 
| 134|0x000000070a400000, 0x000000070a400000, 0x000000070a500000|  0%| F|  |TAMS 0x000000070a400000, 0x000000070a400000| Untracked 
| 135|0x000000070a500000, 0x000000070a500000, 0x000000070a600000|  0%| F|  |TAMS 0x000000070a500000, 0x000000070a500000| Untracked 
| 136|0x000000070a600000, 0x000000070a600000, 0x000000070a700000|  0%| F|  |TAMS 0x000000070a600000, 0x000000070a600000| Untracked 
| 137|0x000000070a700000, 0x000000070a700000, 0x000000070a800000|  0%| F|  |TAMS 0x000000070a700000, 0x000000070a700000| Untracked 
| 138|0x000000070a800000, 0x000000070a800000, 0x000000070a900000|  0%| F|  |TAMS 0x000000070a800000, 0x000000070a800000| Untracked 
| 139|0x000000070a900000, 0x000000070a900000, 0x000000070aa00000|  0%| F|  |TAMS 0x000000070a900000, 0x000000070a900000| Untracked 
| 140|0x000000070aa00000, 0x000000070aa00000, 0x000000070ab00000|  0%| F|  |TAMS 0x000000070aa00000, 0x000000070aa00000| Untracked 
| 141|0x000000070ab00000, 0x000000070ab00000, 0x000000070ac00000|  0%| F|  |TAMS 0x000000070ab00000, 0x000000070ab00000| Untracked 
| 142|0x000000070ac00000, 0x000000070ac00000, 0x000000070ad00000|  0%| F|  |TAMS 0x000000070ac00000, 0x000000070ac00000| Untracked 
| 143|0x000000070ad00000, 0x000000070ad00000, 0x000000070ae00000|  0%| F|  |TAMS 0x000000070ad00000, 0x000000070ad00000| Untracked 
| 144|0x000000070ae00000, 0x000000070ae00000, 0x000000070af00000|  0%| F|  |TAMS 0x000000070ae00000, 0x000000070ae00000| Untracked 
| 145|0x000000070af00000, 0x000000070af00000, 0x000000070b000000|  0%| F|  |TAMS 0x000000070af00000, 0x000000070af00000| Untracked 
| 146|0x000000070b000000, 0x000000070b000000, 0x000000070b100000|  0%| F|  |TAMS 0x000000070b000000, 0x000000070b000000| Untracked 
| 147|0x000000070b100000, 0x000000070b100000, 0x000000070b200000|  0%| F|  |TAMS 0x000000070b100000, 0x000000070b100000| Untracked 
| 148|0x000000070b200000, 0x000000070b200000, 0x000000070b300000|  0%| F|  |TAMS 0x000000070b200000, 0x000000070b200000| Untracked 
| 149|0x000000070b300000, 0x000000070b300000, 0x000000070b400000|  0%| F|  |TAMS 0x000000070b300000, 0x000000070b300000| Untracked 
| 150|0x000000070b400000, 0x000000070b400000, 0x000000070b500000|  0%| F|  |TAMS 0x000000070b400000, 0x000000070b400000| Untracked 
| 151|0x000000070b500000, 0x000000070b500000, 0x000000070b600000|  0%| F|  |TAMS 0x000000070b500000, 0x000000070b500000| Untracked 
| 152|0x000000070b600000, 0x000000070b600000, 0x000000070b700000|  0%| F|  |TAMS 0x000000070b600000, 0x000000070b600000| Untracked 
| 153|0x000000070b700000, 0x000000070b700000, 0x000000070b800000|  0%| F|  |TAMS 0x000000070b700000, 0x000000070b700000| Untracked 
| 154|0x000000070b800000, 0x000000070b800000, 0x000000070b900000|  0%| F|  |TAMS 0x000000070b800000, 0x000000070b800000| Untracked 
| 155|0x000000070b900000, 0x000000070b900000, 0x000000070ba00000|  0%| F|  |TAMS 0x000000070b900000, 0x000000070b900000| Untracked 
| 156|0x000000070ba00000, 0x000000070ba00000, 0x000000070bb00000|  0%| F|  |TAMS 0x000000070ba00000, 0x000000070ba00000| Untracked 
| 157|0x000000070bb00000, 0x000000070bb00000, 0x000000070bc00000|  0%| F|  |TAMS 0x000000070bb00000, 0x000000070bb00000| Untracked 
| 158|0x000000070bc00000, 0x000000070bc00000, 0x000000070bd00000|  0%| F|  |TAMS 0x000000070bc00000, 0x000000070bc00000| Untracked 
| 159|0x000000070bd00000, 0x000000070bd00000, 0x000000070be00000|  0%| F|  |TAMS 0x000000070bd00000, 0x000000070bd00000| Untracked 
| 160|0x000000070be00000, 0x000000070be00000, 0x000000070bf00000|  0%| F|  |TAMS 0x000000070be00000, 0x000000070be00000| Untracked 
| 161|0x000000070bf00000, 0x000000070bf00000, 0x000000070c000000|  0%| F|  |TAMS 0x000000070bf00000, 0x000000070bf00000| Untracked 
| 162|0x000000070c000000, 0x000000070c000000, 0x000000070c100000|  0%| F|  |TAMS 0x000000070c000000, 0x000000070c000000| Untracked 
| 163|0x000000070c100000, 0x000000070c100000, 0x000000070c200000|  0%| F|  |TAMS 0x000000070c100000, 0x000000070c100000| Untracked 
| 164|0x000000070c200000, 0x000000070c200000, 0x000000070c300000|  0%| F|  |TAMS 0x000000070c200000, 0x000000070c200000| Untracked 
| 165|0x000000070c300000, 0x000000070c300000, 0x000000070c400000|  0%| F|  |TAMS 0x000000070c300000, 0x000000070c300000| Untracked 
| 166|0x000000070c400000, 0x000000070c400000, 0x000000070c500000|  0%| F|  |TAMS 0x000000070c400000, 0x000000070c400000| Untracked 
| 167|0x000000070c500000, 0x000000070c500000, 0x000000070c600000|  0%| F|  |TAMS 0x000000070c500000, 0x000000070c500000| Untracked 
| 168|0x000000070c600000, 0x000000070c600000, 0x000000070c700000|  0%| F|  |TAMS 0x000000070c600000, 0x000000070c600000| Untracked 
| 169|0x000000070c700000, 0x000000070c700000, 0x000000070c800000|  0%| F|  |TAMS 0x000000070c700000, 0x000000070c700000| Untracked 
| 170|0x000000070c800000, 0x000000070c800000, 0x000000070c900000|  0%| F|  |TAMS 0x000000070c800000, 0x000000070c800000| Untracked 
| 171|0x000000070c900000, 0x000000070c900000, 0x000000070ca00000|  0%| F|  |TAMS 0x000000070c900000, 0x000000070c900000| Untracked 
| 172|0x000000070ca00000, 0x000000070ca00000, 0x000000070cb00000|  0%| F|  |TAMS 0x000000070ca00000, 0x000000070ca00000| Untracked 
| 173|0x000000070cb00000, 0x000000070cb00000, 0x000000070cc00000|  0%| F|  |TAMS 0x000000070cb00000, 0x000000070cb00000| Untracked 
| 174|0x000000070cc00000, 0x000000070cc00000, 0x000000070cd00000|  0%| F|  |TAMS 0x000000070cc00000, 0x000000070cc00000| Untracked 
| 175|0x000000070cd00000, 0x000000070cd00000, 0x000000070ce00000|  0%| F|  |TAMS 0x000000070cd00000, 0x000000070cd00000| Untracked 
| 176|0x000000070ce00000, 0x000000070ce00000, 0x000000070cf00000|  0%| F|  |TAMS 0x000000070ce00000, 0x000000070ce00000| Untracked 
| 177|0x000000070cf00000, 0x000000070cf00000, 0x000000070d000000|  0%| F|  |TAMS 0x000000070cf00000, 0x000000070cf00000| Untracked 
| 178|0x000000070d000000, 0x000000070d000000, 0x000000070d100000|  0%| F|  |TAMS 0x000000070d000000, 0x000000070d000000| Untracked 
| 179|0x000000070d100000, 0x000000070d100000, 0x000000070d200000|  0%| F|  |TAMS 0x000000070d100000, 0x000000070d100000| Untracked 
| 180|0x000000070d200000, 0x000000070d200000, 0x000000070d300000|  0%| F|  |TAMS 0x000000070d200000, 0x000000070d200000| Untracked 
| 181|0x000000070d300000, 0x000000070d300000, 0x000000070d400000|  0%| F|  |TAMS 0x000000070d300000, 0x000000070d300000| Untracked 
| 182|0x000000070d400000, 0x000000070d400000, 0x000000070d500000|  0%| F|  |TAMS 0x000000070d400000, 0x000000070d400000| Untracked 
| 183|0x000000070d500000, 0x000000070d500000, 0x000000070d600000|  0%| F|  |TAMS 0x000000070d500000, 0x000000070d500000| Untracked 
| 184|0x000000070d600000, 0x000000070d600000, 0x000000070d700000|  0%| F|  |TAMS 0x000000070d600000, 0x000000070d600000| Untracked 
| 185|0x000000070d700000, 0x000000070d700000, 0x000000070d800000|  0%| F|  |TAMS 0x000000070d700000, 0x000000070d700000| Untracked 
| 186|0x000000070d800000, 0x000000070d800000, 0x000000070d900000|  0%| F|  |TAMS 0x000000070d800000, 0x000000070d800000| Untracked 
| 187|0x000000070d900000, 0x000000070d900000, 0x000000070da00000|  0%| F|  |TAMS 0x000000070d900000, 0x000000070d900000| Untracked 
| 188|0x000000070da00000, 0x000000070da00000, 0x000000070db00000|  0%| F|  |TAMS 0x000000070da00000, 0x000000070da00000| Untracked 
| 189|0x000000070db00000, 0x000000070db00000, 0x000000070dc00000|  0%| F|  |TAMS 0x000000070db00000, 0x000000070db00000| Untracked 
| 190|0x000000070dc00000, 0x000000070dc00000, 0x000000070dd00000|  0%| F|  |TAMS 0x000000070dc00000, 0x000000070dc00000| Untracked 
| 191|0x000000070dd00000, 0x000000070dd00000, 0x000000070de00000|  0%| F|  |TAMS 0x000000070dd00000, 0x000000070dd00000| Untracked 
| 192|0x000000070de00000, 0x000000070de00000, 0x000000070df00000|  0%| F|  |TAMS 0x000000070de00000, 0x000000070de00000| Untracked 
| 193|0x000000070df00000, 0x000000070df00000, 0x000000070e000000|  0%| F|  |TAMS 0x000000070df00000, 0x000000070df00000| Untracked 
| 194|0x000000070e000000, 0x000000070e000000, 0x000000070e100000|  0%| F|  |TAMS 0x000000070e000000, 0x000000070e000000| Untracked 
| 195|0x000000070e100000, 0x000000070e100000, 0x000000070e200000|  0%| F|  |TAMS 0x000000070e100000, 0x000000070e100000| Untracked 
| 196|0x000000070e200000, 0x000000070e200000, 0x000000070e300000|  0%| F|  |TAMS 0x000000070e200000, 0x000000070e200000| Untracked 
| 197|0x000000070e300000, 0x000000070e300000, 0x000000070e400000|  0%| F|  |TAMS 0x000000070e300000, 0x000000070e300000| Untracked 
| 198|0x000000070e400000, 0x000000070e400000, 0x000000070e500000|  0%| F|  |TAMS 0x000000070e400000, 0x000000070e400000| Untracked 
| 199|0x000000070e500000, 0x000000070e500000, 0x000000070e600000|  0%| F|  |TAMS 0x000000070e500000, 0x000000070e500000| Untracked 
| 200|0x000000070e600000, 0x000000070e600000, 0x000000070e700000|  0%| F|  |TAMS 0x000000070e600000, 0x000000070e600000| Untracked 
| 201|0x000000070e700000, 0x000000070e700000, 0x000000070e800000|  0%| F|  |TAMS 0x000000070e700000, 0x000000070e700000| Untracked 
| 202|0x000000070e800000, 0x000000070e800000, 0x000000070e900000|  0%| F|  |TAMS 0x000000070e800000, 0x000000070e800000| Untracked 
| 203|0x000000070e900000, 0x000000070e900000, 0x000000070ea00000|  0%| F|  |TAMS 0x000000070e900000, 0x000000070e900000| Untracked 
| 204|0x000000070ea00000, 0x000000070ea00000, 0x000000070eb00000|  0%| F|  |TAMS 0x000000070ea00000, 0x000000070ea00000| Untracked 
| 205|0x000000070eb00000, 0x000000070eb00000, 0x000000070ec00000|  0%| F|  |TAMS 0x000000070eb00000, 0x000000070eb00000| Untracked 
| 206|0x000000070ec00000, 0x000000070ec00000, 0x000000070ed00000|  0%| F|  |TAMS 0x000000070ec00000, 0x000000070ec00000| Untracked 
| 207|0x000000070ed00000, 0x000000070ed00000, 0x000000070ee00000|  0%| F|  |TAMS 0x000000070ed00000, 0x000000070ed00000| Untracked 
| 208|0x000000070ee00000, 0x000000070ee00000, 0x000000070ef00000|  0%| F|  |TAMS 0x000000070ee00000, 0x000000070ee00000| Untracked 
| 209|0x000000070ef00000, 0x000000070ef00000, 0x000000070f000000|  0%| F|  |TAMS 0x000000070ef00000, 0x000000070ef00000| Untracked 
| 210|0x000000070f000000, 0x000000070f000000, 0x000000070f100000|  0%| F|  |TAMS 0x000000070f000000, 0x000000070f000000| Untracked 
| 211|0x000000070f100000, 0x000000070f100000, 0x000000070f200000|  0%| F|  |TAMS 0x000000070f100000, 0x000000070f100000| Untracked 
| 212|0x000000070f200000, 0x000000070f200000, 0x000000070f300000|  0%| F|  |TAMS 0x000000070f200000, 0x000000070f200000| Untracked 
| 213|0x000000070f300000, 0x000000070f300000, 0x000000070f400000|  0%| F|  |TAMS 0x000000070f300000, 0x000000070f300000| Untracked 
| 214|0x000000070f400000, 0x000000070f400000, 0x000000070f500000|  0%| F|  |TAMS 0x000000070f400000, 0x000000070f400000| Untracked 
| 215|0x000000070f500000, 0x000000070f500000, 0x000000070f600000|  0%| F|  |TAMS 0x000000070f500000, 0x000000070f500000| Untracked 
| 216|0x000000070f600000, 0x000000070f600000, 0x000000070f700000|  0%| F|  |TAMS 0x000000070f600000, 0x000000070f600000| Untracked 
| 217|0x000000070f700000, 0x000000070f700000, 0x000000070f800000|  0%| F|  |TAMS 0x000000070f700000, 0x000000070f700000| Untracked 
| 218|0x000000070f800000, 0x000000070f800000, 0x000000070f900000|  0%| F|  |TAMS 0x000000070f800000, 0x000000070f800000| Untracked 
| 219|0x000000070f900000, 0x000000070f900000, 0x000000070fa00000|  0%| F|  |TAMS 0x000000070f900000, 0x000000070f900000| Untracked 
| 220|0x000000070fa00000, 0x000000070fa00000, 0x000000070fb00000|  0%| F|  |TAMS 0x000000070fa00000, 0x000000070fa00000| Untracked 
| 221|0x000000070fb00000, 0x000000070fb00000, 0x000000070fc00000|  0%| F|  |TAMS 0x000000070fb00000, 0x000000070fb00000| Untracked 
| 222|0x000000070fc00000, 0x000000070fc00000, 0x000000070fd00000|  0%| F|  |TAMS 0x000000070fc00000, 0x000000070fc00000| Untracked 
| 223|0x000000070fd00000, 0x000000070fd00000, 0x000000070fe00000|  0%| F|  |TAMS 0x000000070fd00000, 0x000000070fd00000| Untracked 
| 224|0x000000070fe00000, 0x000000070fe00000, 0x000000070ff00000|  0%| F|  |TAMS 0x000000070fe00000, 0x000000070fe00000| Untracked 
| 225|0x000000070ff00000, 0x000000070ff00000, 0x0000000710000000|  0%| F|  |TAMS 0x000000070ff00000, 0x000000070ff00000| Untracked 
| 226|0x0000000710000000, 0x0000000710000000, 0x0000000710100000|  0%| F|  |TAMS 0x0000000710000000, 0x0000000710000000| Untracked 
| 227|0x0000000710100000, 0x0000000710100000, 0x0000000710200000|  0%| F|  |TAMS 0x0000000710100000, 0x0000000710100000| Untracked 
| 228|0x0000000710200000, 0x0000000710200000, 0x0000000710300000|  0%| F|  |TAMS 0x0000000710200000, 0x0000000710200000| Untracked 
| 229|0x0000000710300000, 0x0000000710300000, 0x0000000710400000|  0%| F|  |TAMS 0x0000000710300000, 0x0000000710300000| Untracked 
| 230|0x0000000710400000, 0x0000000710400000, 0x0000000710500000|  0%| F|  |TAMS 0x0000000710400000, 0x0000000710400000| Untracked 
| 231|0x0000000710500000, 0x0000000710500000, 0x0000000710600000|  0%| F|  |TAMS 0x0000000710500000, 0x0000000710500000| Untracked 
| 232|0x0000000710600000, 0x0000000710600000, 0x0000000710700000|  0%| F|  |TAMS 0x0000000710600000, 0x0000000710600000| Untracked 
| 233|0x0000000710700000, 0x0000000710700000, 0x0000000710800000|  0%| F|  |TAMS 0x0000000710700000, 0x0000000710700000| Untracked 
| 234|0x0000000710800000, 0x0000000710800000, 0x0000000710900000|  0%| F|  |TAMS 0x0000000710800000, 0x0000000710800000| Untracked 
| 235|0x0000000710900000, 0x0000000710900000, 0x0000000710a00000|  0%| F|  |TAMS 0x0000000710900000, 0x0000000710900000| Untracked 
| 236|0x0000000710a00000, 0x0000000710a00000, 0x0000000710b00000|  0%| F|  |TAMS 0x0000000710a00000, 0x0000000710a00000| Untracked 
| 237|0x0000000710b00000, 0x0000000710b00000, 0x0000000710c00000|  0%| F|  |TAMS 0x0000000710b00000, 0x0000000710b00000| Untracked 
| 238|0x0000000710c00000, 0x0000000710c00000, 0x0000000710d00000|  0%| F|  |TAMS 0x0000000710c00000, 0x0000000710c00000| Untracked 
| 239|0x0000000710d00000, 0x0000000710d00000, 0x0000000710e00000|  0%| F|  |TAMS 0x0000000710d00000, 0x0000000710d00000| Untracked 
| 240|0x0000000710e00000, 0x0000000710e00000, 0x0000000710f00000|  0%| F|  |TAMS 0x0000000710e00000, 0x0000000710e00000| Untracked 
| 241|0x0000000710f00000, 0x0000000710f00000, 0x0000000711000000|  0%| F|  |TAMS 0x0000000710f00000, 0x0000000710f00000| Untracked 
| 242|0x0000000711000000, 0x0000000711000000, 0x0000000711100000|  0%| F|  |TAMS 0x0000000711000000, 0x0000000711000000| Untracked 
| 243|0x0000000711100000, 0x0000000711100000, 0x0000000711200000|  0%| F|  |TAMS 0x0000000711100000, 0x0000000711100000| Untracked 
| 244|0x0000000711200000, 0x0000000711200000, 0x0000000711300000|  0%| F|  |TAMS 0x0000000711200000, 0x0000000711200000| Untracked 
| 245|0x0000000711300000, 0x0000000711400000, 0x0000000711400000|100%| S|CS|TAMS 0x0000000711300000, 0x0000000711300000| Complete 
| 246|0x0000000711400000, 0x0000000711500000, 0x0000000711500000|100%| S|CS|TAMS 0x0000000711400000, 0x0000000711400000| Complete 
| 247|0x0000000711500000, 0x0000000711600000, 0x0000000711600000|100%| S|CS|TAMS 0x0000000711500000, 0x0000000711500000| Complete 
| 248|0x0000000711600000, 0x0000000711700000, 0x0000000711700000|100%| S|CS|TAMS 0x0000000711600000, 0x0000000711600000| Complete 
| 249|0x0000000711700000, 0x0000000711800000, 0x0000000711800000|100%| S|CS|TAMS 0x0000000711700000, 0x0000000711700000| Complete 
| 250|0x0000000711800000, 0x0000000711900000, 0x0000000711900000|100%| S|CS|TAMS 0x0000000711800000, 0x0000000711800000| Complete 
| 251|0x0000000711900000, 0x0000000711a00000, 0x0000000711a00000|100%| S|CS|TAMS 0x0000000711900000, 0x0000000711900000| Complete 
| 252|0x0000000711a00000, 0x0000000711b00000, 0x0000000711b00000|100%| S|CS|TAMS 0x0000000711a00000, 0x0000000711a00000| Complete 
| 253|0x0000000711b00000, 0x0000000711b00000, 0x0000000711c00000|  0%| F|  |TAMS 0x0000000711b00000, 0x0000000711b00000| Untracked 
| 254|0x0000000711c00000, 0x0000000711c00000, 0x0000000711d00000|  0%| F|  |TAMS 0x0000000711c00000, 0x0000000711c00000| Untracked 
| 255|0x0000000711d00000, 0x0000000711d00000, 0x0000000711e00000|  0%| F|  |TAMS 0x0000000711d00000, 0x0000000711d00000| Untracked 

Card table byte_map: [0x0000017823170000,0x0000017823970000] _byte_map_base: 0x000001781f961000

Marking Bits (Prev, Next): (CMBitMap*) 0x000001780ee6cfc0, (CMBitMap*) 0x000001780ee6cf88
 Prev Bits: [0x0000017828100000, 0x000001782c088000)
 Next Bits: [0x0000017824170000, 0x00000178280f8000)

Polling page: 0x000001780d460000

Metaspace:

Usage:
  Non-class:     30.52 MB capacity,    30.03 MB ( 98%) used,   410.09 KB (  1%) free+waste,    89.50 KB ( <1%) overhead. 
      Class:      4.22 MB capacity,     3.96 MB ( 94%) used,   228.59 KB (  5%) free+waste,    42.19 KB ( <1%) overhead. 
       Both:     34.74 MB capacity,    33.99 MB ( 98%) used,   638.68 KB (  2%) free+waste,   131.69 KB ( <1%) overhead. 

Virtual space:
  Non-class space:       32.00 MB reserved,      30.75 MB ( 96%) committed 
      Class space:        1.00 GB reserved,       4.25 MB ( <1%) committed 
             Both:        1.03 GB reserved,      35.00 MB (  3%) committed 

Chunk freelists:
   Non-Class:  44.00 KB
       Class:  27.00 KB
        Both:  71.00 KB

CodeHeap 'non-profiled nmethods': size=120000Kb used=1597Kb max_used=1597Kb free=118402Kb
 bounds [0x000001781a7c0000, 0x000001781aa30000, 0x0000017821cf0000]
CodeHeap 'profiled nmethods': size=120000Kb used=6961Kb max_used=6961Kb free=113038Kb
 bounds [0x0000017813290000, 0x0000017813960000, 0x000001781a7c0000]
CodeHeap 'non-nmethods': size=5760Kb used=1156Kb max_used=1205Kb free=4603Kb
 bounds [0x0000017812cf0000, 0x0000017812f60000, 0x0000017813290000]
 total_blobs=4393 nmethods=2927 adapters=391
 compilation: enabled
              stopped_count=0, restarted_count=0
 full_count=0

Compilation events (10 events):
Event: 2.777 Thread 0x000001782f7b5000 3110       3       org.springframework.beans.factory.support.AbstractBeanFactory::hasBeanCreationStarted (18 bytes)
Event: 2.777 Thread 0x000001782f7b5000 nmethod 3110 0x000001781395ed10 code [0x000001781395eee0, 0x000001781395f170]
Event: 2.777 Thread 0x000001782f7b5000 3114       1       org.springframework.context.annotation.ConfigurationClassBeanDefinitionReader$ConfigurationClassBeanDefinition::getMetadata (5 bytes)
Event: 2.778 Thread 0x000001782f7b5000 nmethod 3114 0x000001781a94e890 code [0x000001781a94ea40, 0x000001781a94eb58]
Event: 2.778 Thread 0x000001782f7b5000 3115       1       org.springframework.context.annotation.ConfigurationClass::getResource (5 bytes)
Event: 2.778 Thread 0x000001782f7b5000 nmethod 3115 0x000001781a94ec10 code [0x000001781a94edc0, 0x000001781a94eed8]
Event: 2.783 Thread 0x000001782f7b5000 3116       1       org.springframework.beans.factory.support.GenericBeanDefinition::getParentName (5 bytes)
Event: 2.783 Thread 0x000001782f7b5000 nmethod 3116 0x000001781a94ef90 code [0x000001781a94f140, 0x000001781a94f258]
Event: 2.783 Thread 0x000001782f7b5000 3117       1       org.springframework.beans.factory.support.AbstractBeanDefinition::getDestroyMethodName (5 bytes)
Event: 2.783 Thread 0x000001782f7b5000 nmethod 3117 0x000001781a94f310 code [0x000001781a94f4c0, 0x000001781a94f5d8]

GC Heap History (9 events):
Event: 0.773 GC heap before
{Heap before GC invocations=0 (full 0):
 garbage-first heap   total 262144K, used 23552K [0x0000000701e00000, 0x0000000800000000)
  region size 1024K, 24 young (24576K), 0 survivors (0K)
 Metaspace       used 11273K, capacity 11514K, committed 11648K, reserved 1060864K
  class space    used 1082K, capacity 1134K, committed 1152K, reserved 1048576K
}
Event: 0.777 GC heap after
{Heap after GC invocations=1 (full 0):
 garbage-first heap   total 262144K, used 7210K [0x0000000701e00000, 0x0000000800000000)
  region size 1024K, 3 young (3072K), 3 survivors (3072K)
 Metaspace       used 11273K, capacity 11514K, committed 11648K, reserved 1060864K
  class space    used 1082K, capacity 1134K, committed 1152K, reserved 1048576K
}
Event: 1.468 GC heap before
{Heap before GC invocations=1 (full 0):
 garbage-first heap   total 262144K, used 74794K [0x0000000701e00000, 0x0000000800000000)
  region size 1024K, 70 young (71680K), 3 survivors (3072K)
 Metaspace       used 20817K, capacity 21150K, committed 21248K, reserved 1069056K
  class space    used 2360K, capacity 2495K, committed 2560K, reserved 1048576K
}
Event: 1.473 GC heap after
{Heap after GC invocations=2 (full 0):
 garbage-first heap   total 262144K, used 9817K [0x0000000701e00000, 0x0000000800000000)
  region size 1024K, 6 young (6144K), 6 survivors (6144K)
 Metaspace       used 20817K, capacity 21150K, committed 21248K, reserved 1069056K
  class space    used 2360K, capacity 2495K, committed 2560K, reserved 1048576K
}
Event: 1.694 GC heap before
{Heap before GC invocations=3 (full 0):
 garbage-first heap   total 262144K, used 49753K [0x0000000701e00000, 0x0000000800000000)
  region size 1024K, 45 young (46080K), 6 survivors (6144K)
 Metaspace       used 26823K, capacity 27370K, committed 27520K, reserved 1073152K
  class space    used 3125K, capacity 3343K, committed 3456K, reserved 1048576K
}
Event: 1.700 GC heap after
{Heap after GC invocations=4 (full 0):
 garbage-first heap   total 262144K, used 10832K [0x0000000701e00000, 0x0000000800000000)
  region size 1024K, 4 young (4096K), 4 survivors (4096K)
 Metaspace       used 26823K, capacity 27370K, committed 27520K, reserved 1073152K
  class space    used 3125K, capacity 3343K, committed 3456K, reserved 1048576K
}
Event: 2.762 GC heap before
{Heap before GC invocations=4 (full 0):
 garbage-first heap   total 262144K, used 95824K [0x0000000701e00000, 0x0000000800000000)
  region size 1024K, 87 young (89088K), 4 survivors (4096K)
 Metaspace       used 34539K, capacity 35320K, committed 35584K, reserved 1081344K
  class space    used 4026K, capacity 4325K, committed 4352K, reserved 1048576K
}
Event: 2.768 GC heap after
{Heap after GC invocations=5 (full 0):
 garbage-first heap   total 262144K, used 15362K [0x0000000701e00000, 0x0000000800000000)
  region size 1024K, 8 young (8192K), 8 survivors (8192K)
 Metaspace       used 34539K, capacity 35320K, committed 35584K, reserved 1081344K
  class space    used 4026K, capacity 4325K, committed 4352K, reserved 1048576K
}
Event: 2.787 GC heap before
{Heap before GC invocations=5 (full 0):
 garbage-first heap   total 262144K, used 17410K [0x0000000701e00000, 0x0000000800000000)
  region size 1024K, 11 young (11264K), 8 survivors (8192K)
 Metaspace       used 34806K, capacity 35577K, committed 35840K, reserved 1081344K
  class space    used 4054K, capacity 4325K, committed 4352K, reserved 1048576K
}

Deoptimization events (10 events):
Event: 2.535 Thread 0x000001780ee09800 Uncommon trap: trap_request=0xffffffcc fr.pc=0x000001781a929480 relative=0x00000000000002c0
Event: 2.535 Thread 0x000001780ee09800 Uncommon trap: reason=intrinsic_or_type_checked_inlining action=make_not_entrant pc=0x000001781a929480 method=java.util.Arrays.copyOf([Ljava/lang/Object;ILjava/lang/Class;)[Ljava/lang/Object; @ 35 c2
Event: 2.535 Thread 0x000001780ee09800 DEOPT PACKING pc=0x000001781a929480 sp=0x000000013a7fd410
Event: 2.535 Thread 0x000001780ee09800 DEOPT UNPACKING pc=0x0000017812d191af sp=0x000000013a7fd3a0 mode 2
Event: 2.598 Thread 0x000001780ee09800 DEOPT PACKING pc=0x0000017813359404 sp=0x000000013a7fd260
Event: 2.598 Thread 0x000001780ee09800 DEOPT UNPACKING pc=0x0000017812d18fce sp=0x000000013a7fc800 mode 0
Event: 2.657 Thread 0x000001780ee09800 Uncommon trap: trap_request=0xffffff4d fr.pc=0x000001781a88d6e0 relative=0x0000000000001620
Event: 2.657 Thread 0x000001780ee09800 Uncommon trap: reason=unstable_if action=reinterpret pc=0x000001781a88d6e0 method=org.springframework.boot.context.properties.source.ConfigurationPropertyName.equals(Ljava/lang/Object;)Z @ 90 c2
Event: 2.657 Thread 0x000001780ee09800 DEOPT PACKING pc=0x000001781a88d6e0 sp=0x000000013a7fd300
Event: 2.657 Thread 0x000001780ee09800 DEOPT UNPACKING pc=0x0000017812d191af sp=0x000000013a7fd2e8 mode 2

Classes redefined (0 events):
No events

Internal exceptions (10 events):
Event: 1.764 Thread 0x0000017830e4d800 Exception <a 'java/lang/NoSuchMethodError'{0x000000071144d080}: 'java.lang.Object java.lang.invoke.DirectMethodHandle$Holder.invokeVirtual(java.lang.Object, java.lang.Object, java.lang.Object, java.lang.Object)'> (0x000000071144d080) thrown at [c:/BuildAg
Event: 1.949 Thread 0x0000017830e4d800 Exception <a 'java/lang/IncompatibleClassChangeError'{0x0000000710a4fee0}: Found class java.lang.Object, but interface was expected> (0x0000000710a4fee0) thrown at [c:/BuildAgent/work/5ff2f6c26000d570/src/hotspot/share/interpreter/linkResolver.cpp, line 8
Event: 1.971 Thread 0x0000017830e4d800 Exception <a 'java/lang/NoSuchMethodError'{0x00000007109922d0}: 'java.lang.Object java.lang.invoke.DirectMethodHandle$Holder.invokeStatic(java.lang.Object, java.lang.Object, java.lang.Object, java.lang.Object, java.lang.Object, java.lang.Object, java.lang
Event: 1.972 Thread 0x0000017830e4d800 Exception <a 'java/lang/NoSuchMethodError'{0x00000007109b0258}: 'java.lang.Object java.lang.invoke.DirectMethodHandle$Holder.invokeStatic(java.lang.Object, java.lang.Object, java.lang.Object, java.lang.Object, java.lang.Object, java.lang.Object, java.lang
Event: 1.973 Thread 0x0000017830e4d800 Exception <a 'java/lang/NoSuchMethodError'{0x00000007109cf290}: 'java.lang.Object java.lang.invoke.DirectMethodHandle$Holder.invokeStatic(java.lang.Object, java.lang.Object, java.lang.Object, java.lang.Object, java.lang.Object, java.lang.Object, java.lang
Event: 1.974 Thread 0x0000017830e4d800 Exception <a 'java/lang/NoSuchMethodError'{0x00000007109ef9f0}: 'java.lang.Object java.lang.invoke.DirectMethodHandle$Holder.invokeStatic(java.lang.Object, java.lang.Object, java.lang.Object, java.lang.Object, java.lang.Object, java.lang.Object, java.lang
Event: 1.984 Thread 0x0000017830e4d800 Exception <a 'java/lang/NoSuchMethodError'{0x0000000710849fa0}: 'void java.lang.invoke.DirectMethodHandle$Holder.invokeStatic(java.lang.Object, java.lang.Object, java.lang.Object, java.lang.Object, java.lang.Object)'> (0x0000000710849fa0) thrown at [c:/Bu
Event: 2.423 Thread 0x000001780ee09800 Exception <a 'java/lang/IncompatibleClassChangeError'{0x000000070f09b8f8}: Found class java.lang.Object, but interface was expected> (0x000000070f09b8f8) thrown at [c:/BuildAgent/work/5ff2f6c26000d570/src/hotspot/share/interpreter/linkResolver.cpp, line 8
Event: 2.680 Thread 0x000001780ee09800 Exception <a 'java/lang/NoSuchMethodError'{0x000000070cd1e198}: 'void java.lang.invoke.DirectMethodHandle$Holder.invokeInterface(java.lang.Object, java.lang.Object, java.lang.Object, java.lang.Object)'> (0x000000070cd1e198) thrown at [c:/BuildAgent/work/5
Event: 2.718 Thread 0x000001780ee09800 Exception <a 'java/lang/NoSuchMethodError'{0x000000070cac4a78}: 'int java.lang.invoke.DirectMethodHandle$Holder.invokeSpecial(java.lang.Object, java.lang.Object, java.lang.Object, java.lang.Object, java.lang.Object)'> (0x000000070cac4a78) thrown at [c:/Bu

Events (10 events):
Event: 2.785 loading class org/springframework/web/servlet/handler/AbstractHandlerExceptionResolver done
Event: 2.785 loading class org/springframework/web/servlet/mvc/method/annotation/RequestMappingHandlerMapping
Event: 2.785 loading class org/springframework/web/servlet/mvc/method/annotation/RequestMappingHandlerMapping done
Event: 2.785 loading class org/springframework/web/servlet/mvc/method/RequestMappingInfoHandlerMapping
Event: 2.785 loading class org/springframework/web/servlet/mvc/method/RequestMappingInfoHandlerMapping done
Event: 2.786 loading class org/springframework/web/servlet/handler/AbstractHandlerMethodMapping
Event: 2.786 loading class org/springframework/web/servlet/handler/AbstractHandlerMethodMapping done
Event: 2.787 loading class org/springframework/boot/autoconfigure/web/servlet/WelcomePageHandlerMapping
Event: 2.787 loading class org/springframework/boot/autoconfigure/web/servlet/WelcomePageHandlerMapping done
Event: 2.787 Executing VM operation: CollectForMetadataAllocation


Dynamic libraries:
0x00007ff67b510000 - 0x00007ff67b557000 	E:\ideaIU-2019.2.4.win\jbr\bin\java.exe
0x00007ffea6ff0000 - 0x00007ffea71d0000 	C:\Windows\SYSTEM32\ntdll.dll
0x00007ffea4520000 - 0x00007ffea45ce000 	C:\Windows\System32\KERNEL32.DLL
0x00007ffea33f0000 - 0x00007ffea3656000 	C:\Windows\System32\KERNELBASE.dll
0x00007ffea6330000 - 0x00007ffea64bf000 	C:\Windows\System32\USER32.dll
0x00007ffea4180000 - 0x00007ffea41a0000 	C:\Windows\System32\win32u.dll
0x00007ffea66a0000 - 0x00007ffea66c8000 	C:\Windows\System32\GDI32.dll
0x00007ffea4320000 - 0x00007ffea44b3000 	C:\Windows\System32\gdi32full.dll
0x00007ffea37c0000 - 0x00007ffea385b000 	C:\Windows\System32\msvcp_win.dll
0x00007ffea41a0000 - 0x00007ffea4295000 	C:\Windows\System32\ucrtbase.dll
0x00007ffe958d0000 - 0x00007ffe95b39000 	C:\Windows\WinSxS\amd64_microsoft.windows.common-controls_6595b64144ccf1df_6.0.16299.967_none_15cddebc93602933\COMCTL32.dll
0x00007ffea6f20000 - 0x00007ffea6fbd000 	C:\Windows\System32\msvcrt.dll
0x00007ffea66d0000 - 0x00007ffea69d6000 	C:\Windows\System32\combase.dll
0x00007ffea6130000 - 0x00007ffea624f000 	C:\Windows\System32\RPCRT4.dll
0x00007ffea42a0000 - 0x00007ffea4312000 	C:\Windows\System32\bcryptPrimitives.dll
0x00007ffea6250000 - 0x00007ffea627d000 	C:\Windows\System32\IMM32.DLL
0x00007ffe92fa0000 - 0x00007ffe92fb7000 	E:\ideaIU-2019.2.4.win\jbr\bin\vcruntime140.dll
0x00007ffe79030000 - 0x00007ffe790cd000 	E:\ideaIU-2019.2.4.win\jbr\bin\msvcp140.dll
0x00007ffe51ba0000 - 0x00007ffe52658000 	E:\ideaIU-2019.2.4.win\jbr\bin\server\jvm.dll
0x00007ffea5f80000 - 0x00007ffea6021000 	C:\Windows\System32\ADVAPI32.dll
0x00007ffea6030000 - 0x00007ffea608b000 	C:\Windows\System32\sechost.dll
0x00007ffea5a10000 - 0x00007ffea5a18000 	C:\Windows\System32\PSAPI.DLL
0x00007ffea1030000 - 0x00007ffea1053000 	C:\Windows\SYSTEM32\WINMM.dll
0x00007ffe9d610000 - 0x00007ffe9d61a000 	C:\Windows\SYSTEM32\VERSION.dll
0x00007ffe90ff0000 - 0x00007ffe90ff9000 	C:\Windows\SYSTEM32\WSOCK32.dll
0x00007ffea6630000 - 0x00007ffea669c000 	C:\Windows\System32\WS2_32.dll
0x00007ffea0fd0000 - 0x00007ffea0ffa000 	C:\Windows\SYSTEM32\WINMMBASE.dll
0x00007ffea3770000 - 0x00007ffea37ba000 	C:\Windows\System32\cfgmgr32.dll
0x00007ffea33d0000 - 0x00007ffea33e1000 	C:\Windows\System32\kernel.appcore.dll
0x00007ffe9e070000 - 0x00007ffe9e081000 	E:\ideaIU-2019.2.4.win\jbr\bin\verify.dll
0x00007ffea1d20000 - 0x00007ffea1ee8000 	C:\Windows\SYSTEM32\DBGHELP.DLL
0x00007ffe988a0000 - 0x00007ffe988c9000 	C:\Windows\SYSTEM32\dbgcore.DLL
0x00007ffe96b30000 - 0x00007ffe96b59000 	E:\ideaIU-2019.2.4.win\jbr\bin\java.dll
0x00007ffe96950000 - 0x00007ffe96984000 	E:\ideaIU-2019.2.4.win\jbr\bin\instrument.dll
0x00007ffe969c0000 - 0x00007ffe969d7000 	E:\ideaIU-2019.2.4.win\jbr\bin\zip.dll
0x00007ffe9e8f0000 - 0x00007ffe9e8fb000 	E:\ideaIU-2019.2.4.win\jbr\bin\jimage.dll
0x00007ffea45d0000 - 0x00007ffea5a08000 	C:\Windows\System32\SHELL32.dll
0x00007ffea6280000 - 0x00007ffea6326000 	C:\Windows\System32\shcore.dll
0x00007ffea3860000 - 0x00007ffea3fa7000 	C:\Windows\System32\windows.storage.dll
0x00007ffea6df0000 - 0x00007ffea6e41000 	C:\Windows\System32\shlwapi.dll
0x00007ffea3360000 - 0x00007ffea33ac000 	C:\Windows\System32\powrprof.dll
0x00007ffea3340000 - 0x00007ffea335b000 	C:\Windows\System32\profapi.dll
0x00007ffe93780000 - 0x00007ffe9379a000 	E:\ideaIU-2019.2.4.win\jbr\bin\net.dll
0x00007ffe9be20000 - 0x00007ffe9befe000 	C:\Windows\SYSTEM32\WINHTTP.dll
0x00007ffe9a7f0000 - 0x00007ffe9a9b9000 	C:\Windows\SYSTEM32\urlmon.dll
0x00007ffea6c70000 - 0x00007ffea6c8d000 	C:\Windows\System32\imagehlp.dll
0x00007ffe9a550000 - 0x00007ffe9a7ef000 	C:\Windows\SYSTEM32\iertutil.dll
0x00007ffea2d30000 - 0x00007ffea2d3b000 	C:\Windows\SYSTEM32\CRYPTBASE.DLL
0x00007ffe9a410000 - 0x00007ffe9a430000 	C:\Windows\system32\PrxerDrv.dll
0x00007ffea2b70000 - 0x00007ffea2bd6000 	C:\Windows\system32\mswsock.dll
0x00007ffe8b5f0000 - 0x00007ffe8b604000 	E:\ideaIU-2019.2.4.win\jbr\bin\nio.dll
0x00007ffe9e920000 - 0x00007ffe9e93a000 	E:\ideaIU-2019.2.4.win\bin\breakgen64.dll
0x00007ffe9a1f0000 - 0x00007ffe9a1fa000 	E:\ideaIU-2019.2.4.win\jbr\bin\management.dll
0x00007ffe96cc0000 - 0x00007ffe96ccc000 	E:\ideaIU-2019.2.4.win\jbr\bin\management_ext.dll
0x00007ffe9f6c0000 - 0x00007ffe9f6db000 	C:\Windows\system32\PrxerNsp.dll
0x00007ffea2940000 - 0x00007ffea29f6000 	C:\Windows\SYSTEM32\DNSAPI.dll
0x00007ffea69e0000 - 0x00007ffea69e8000 	C:\Windows\System32\NSI.dll
0x00007ffea2900000 - 0x00007ffea2939000 	C:\Windows\SYSTEM32\IPHLPAPI.DLL
0x00007ffe9f6a0000 - 0x00007ffe9f6b6000 	C:\Windows\system32\napinsp.dll
0x00007ffe9f680000 - 0x00007ffe9f69a000 	C:\Windows\system32\pnrpnsp.dll
0x00007ffe9f810000 - 0x00007ffe9f828000 	C:\Windows\system32\NLAapi.dll
0x00007ffe9f670000 - 0x00007ffe9f67e000 	C:\Windows\System32\winrnr.dll
0x00007ffe6b660000 - 0x00007ffe6b675000 	C:\Windows\System32\wshbth.dll
0x000000006f2a0000 - 0x000000006f2c6000 	C:\Program Files\Bonjour\mdnsNSP.dll
0x00007ffe9ae60000 - 0x00007ffe9ae6a000 	C:\Windows\System32\rasadhlp.dll
0x00007ffe9b290000 - 0x00007ffe9b300000 	C:\Windows\System32\fwpuclnt.dll
0x00007ffea2e40000 - 0x00007ffea2e65000 	C:\Windows\SYSTEM32\bcrypt.dll

dbghelp: loaded successfully - version: 4.0.5 - missing functions: none
symbol engine: initialized successfully - sym options: 0x614 - pdb path: .;E:\ideaIU-2019.2.4.win\jbr\bin;C:\Windows\SYSTEM32;C:\Windows\WinSxS\amd64_microsoft.windows.common-controls_6595b64144ccf1df_6.0.16299.967_none_15cddebc93602933;E:\ideaIU-2019.2.4.win\jbr\bin\server;E:\ideaIU-2019.2.4.win\bin;C:\Program Files\Bonjour

VM Arguments:
jvm_args: -ea -Didea.test.cyclic.buffer.size=1048576 -javaagent:E:\ideaIU-2019.2.4.win\lib\idea_rt.jar=63247:E:\ideaIU-2019.2.4.win\bin -Dfile.encoding=UTF-8 
java_command: com.intellij.rt.execution.junit.JUnitStarter -ideVersion5 -junit4 org.javaboy.vhr.mapper.EmployeeMapperTest,getEmployeeById
java_class_path (initial): E:\ideaIU-2019.2.4.win\lib\idea_rt.jar;E:\ideaIU-2019.2.4.win\plugins\junit\lib\junit-rt.jar;E:\ideaIU-2019.2.4.win\plugins\junit\lib\junit5-rt.jar;E:\github\2020springsoftwaretest\vhr\vhrserver\vhr-web\target\test-classes;E:\github\2020springsoftwaretest\vhr\vhrserver\vhr-web\target\classes;E:\github\2020springsoftwaretest\vhr\vhrserver\vhr-service\target\classes;E:\github\2020springsoftwaretest\vhr\vhrserver\vhr-mapper\target\classes;E:\github\2020springsoftwaretest\vhr\vhrserver\vhr-model\target\classes;C:\Users\Administrator\.m2\repository\org\springframework\boot\spring-boot-starter-security\2.1.8.RELEASE\spring-boot-starter-security-2.1.8.RELEASE.jar;C:\Users\Administrator\.m2\repository\org\springframework\security\spring-security-config\5.1.6.RELEASE\spring-security-config-5.1.6.RELEASE.jar;C:\Users\Administrator\.m2\repository\org\mybatis\spring\boot\mybatis-spring-boot-starter\2.1.0\mybatis-spring-boot-starter-2.1.0.jar;C:\Users\Administrator\.m2\repository\org\springframework\boot\spring-boot-starter-jdbc\2.1.8.RELEASE\spring-boot-starter-jdbc-2.1.8.RELEASE.jar;C:\Users\Administrator\.m2\repository\com\zaxxer\HikariCP\3.2.0\HikariCP-3.2.0.jar;C:\Users\Administrator\.m2\repository\org\springframework\spring-jdbc\5.1.9.RELEASE\spring-jdbc-5.1.9.RELEASE.jar;C:\Users\Administrator\.m2\repository\org\mybatis\spring\boot\mybatis-spring-boot-autoconfigure\2.1.0\mybatis-spring-boot-autoconfigure-2.1.0.jar;C:\Users\Administrator\.m2\repository\org\mybatis\mybatis\3.5.2\mybatis-3.5.2.jar;C:\Users\Administrator\.m2\repository\org\mybatis\mybatis-spring\2.0.2\mybatis-spring-2.0.2.jar;C:\Users\Administrator\.m2\repository\org\flywaydb\flyway-core\5.2.4\flyway-core-5.2.4.jar;C:\Users\Administrator\.m2\repository\com\alibaba\druid-spring-boot-starter\1.1.10\druid-spring-boot-starter-1.1.10.jar;C:\Users\Administrator\.m2\repository\com\alibaba\druid\1.1.10\druid-1.1.10.jar;C:\Users\Administrator\.m2\repository\org\springframework\boot\spring-
Launcher Type: SUN_STANDARD

[Global flags]
     intx CICompilerCount                          = 4                                         {product} {ergonomic}
     uint ConcGCThreads                            = 3                                         {product} {ergonomic}
     uint G1ConcRefinementThreads                  = 10                                        {product} {ergonomic}
   size_t G1HeapRegionSize                         = 1048576                                   {product} {ergonomic}
    uintx GCDrainStackTargetSize                   = 64                                        {product} {ergonomic}
   size_t InitialHeapSize                          = 268435456                                 {product} {ergonomic}
   size_t MarkStackSize                            = 4194304                                   {product} {ergonomic}
   size_t MaxHeapSize                              = 4263510016                                {product} {ergonomic}
   size_t MaxNewSize                               = 2557476864                                {product} {ergonomic}
   size_t MinHeapDeltaBytes                        = 1048576                                   {product} {ergonomic}
    uintx NonNMethodCodeHeapSize                   = 5835340                                {pd product} {ergonomic}
    uintx NonProfiledCodeHeapSize                  = 122911450                              {pd product} {ergonomic}
    uintx ProfiledCodeHeapSize                     = 122911450                              {pd product} {ergonomic}
    uintx ReservedCodeCacheSize                    = 251658240                              {pd product} {ergonomic}
     bool SegmentedCodeCache                       = true                                      {product} {ergonomic}
     bool UseCompressedClassPointers               = true                                 {lp64_product} {ergonomic}
     bool UseCompressedOops                        = true                                 {lp64_product} {ergonomic}
     bool UseG1GC                                  = true                                      {product} {ergonomic}
     bool UseLargePagesIndividualAllocation        = false                                  {pd product} {ergonomic}

Logging:
Log output configuration:
 #0: stdout all=warning uptime,level,tags
 #1: stderr all=off uptime,level,tags

Environment Variables:
JAVA_HOME=E:\Program Files\jdk-11.0.2
PATH=E:\Oculus\Support\oculus-runtime;C:\Program Files\NVIDIA GPU Computing Toolkit\CUDA\v10.0\bin;C:\Program Files\NVIDIA GPU Computing Toolkit\CUDA\v10.0\libnvvp;E:\app\oracle\product\12.1.0\dbhome_1\bin;C:\Program Files (x86)\Common Files\Oracle\Java\javapath;C:\Program Files (x86)\Intel\Intel(R) Management Engine Components\iCLS\;C:\Program Files\Intel\Intel(R) Management Engine Components\iCLS\;C:\Windows\system32;C:\Windows;C:\Windows\System32\Wbem;C:\Windows\System32\WindowsPowerShell\v1.0\;C:\Program Files (x86)\Intel\Intel(R) Management Engine Components\DAL;C:\Program Files\Intel\Intel(R) Management Engine Components\DAL;C:\Program Files (x86)\Intel\Intel(R) Management Engine Components\IPT;C:\Program Files\Intel\Intel(R) Management Engine Components\IPT;C:\Program Files (x86)\NVIDIA Corporation\PhysX\Common;C:\Program Files\dotnet\;C:\Program Files\Microsoft SQL Server\130\Tools\Binn\;C:\Program Files\Microsoft VS Code\bin;E:\Program Files\nodejs\;C:\Program Files\Git LFS;E:\Program Files\PuTTY\;E:\Program Files\Git\cmd;E:\Go\bin;C:\Program Files\Common Files\Autodesk Shared\;E:\Program Files\MATLAB\R2018a\bin;E:\Program Files (x86)\Rational\common;C:\Program Files (x86)\Autodesk\Backburner\;E:\Program Files\MATLAB\MATLAB Runtime\v94\bin\;C:\Program Files (x86)\GtkSharp\2.12\bin;E:\texlive\2019\bin\win32;C:\Program Files\NVIDIA Corporation\NVIDIA NvDLISR;C:\Program Files\NVIDIA GPU Computing Toolkit\CUDA\v10.0\extras\CUPTI\libx64;C:\Program Files\NVIDIA GPU Computing Toolkit\CUDA\v10.0\include;C:\Users\Administrator\.windows-build-tools\python27\;E:\Program Files\nodejs\node_modules\npm\node_modules\npm-lifecycle\node-gyp-bin;C:\Users\Administrator\AppData\Roaming\npm\node_modules\windows-build-tools\node_modules\.bin;C:\Users\Administrator\AppData\Roaming\npm\node_modules\.bin;C:\Program Files (x86)\Common Files\Oracle\Java\javapath;C:\Program Files (x86)\Intel\Intel(R) Management Engine Components\iCLS\;C:\Program Files\Intel\Intel(R) Management Engine Com
USERNAME=Administrator
LD_LIBRARY_PATH=E:\app\oracle\product\12.1.0\dbhome_1
OS=Windows_NT
PROCESSOR_IDENTIFIER=Intel64 Family 6 Model 158 Stepping 10, GenuineIntel



---------------  S Y S T E M  ---------------

OS: Windows 10 , 64 bit Build 16299 (10.0.16299.431)

CPU:total 12 (initial active 12) (6 cores per cpu, 2 threads per core) family 6 model 158 stepping 10, cmov, cx8, fxsr, mmx, sse, sse2, sse3, ssse3, sse4.1, sse4.2, popcnt, avx, avx2, aes, clmul, erms, 3dnowpref, lzcnt, ht, tsc, tscinvbit, bmi1, bmi2, adx, fma

Memory: 4k page, system-wide physical 16257M (5027M free)
TotalPageFile size 20029M (AvailPageFile size 30M)
current process WorkingSet (physical memory assigned to process): 256M, peak: 258M
current process commit charge ("private bytes"): 445M, peak: 499M

vm_info: OpenJDK 64-Bit Server VM (11.0.4+10-b304.77) for windows-amd64 JRE (11.0.4+10-b304.77), built on Oct 10 2019 15:02:36 by "" with MS VC++ 14.0 (VS2015)

END.
